<?xml version="1.0" encoding="UTF-8"?>
<!-- Generated by org.testng.reporters.JUnitReportReporter -->
<testsuite hostname="SSNakate" failures="0" tests="1" name="basicframework.SeleniumFramework2.LoginTest" time="7.586" errors="0" timestamp="2023-10-04T14:20:50 IST" skipped="0">
  <testcase classname="basicframework.SeleniumFramework2.LoginTest" name="testLogin" time="7.586"/>
  <system-out/>
</testsuite> <!-- basicframework.SeleniumFramework2.LoginTest -->
